  BattlePage.cpp
C:\Users\user\Desktop\Runesblur\Runesblur\BattlePage.cpp(101,12): warning C4244: '引數': 將 'time_t' 轉換為 'unsigned int'，由於類型不同，可能導致資料遺失
  Card.cpp
C:\Users\user\Desktop\Runesblur\Runesblur\Poker.h(14,26): error C2061: 語法錯誤: 識別項 'Card'
C:\Users\user\Desktop\Runesblur\Runesblur\Poker.h(37,7): error C3646: 'PokerCard': 未知的覆寫規範
C:\Users\user\Desktop\Runesblur\Runesblur\Poker.h(37,16): error C2143: 語法錯誤: 遺漏 ',' (在 '[' 之前)
C:\Users\user\Desktop\Runesblur\Runesblur\Poker.h(37,22): error C2334: 在 '{' 之前有未預期的語彙基元; 略過函式主體
C:\Users\user\Desktop\Runesblur\Runesblur\Card.cpp(7,1): error C2653: 'Card': 不是類別或命名空間名稱
C:\Users\user\Desktop\Runesblur\Runesblur\Card.cpp(8,2): error C4430: 遺漏類型規範 - 假設為 int。注意: C++ 不支援 default-int
C:\Users\user\Desktop\Runesblur\Runesblur\Card.cpp(9,1): error C2550: 'Card': 建構函式初始設定式清單只允許在建構函式定義上
C:\Users\user\Desktop\Runesblur\Runesblur\Card.cpp(11,1): warning C4508: 'Card': 函式應傳回值; 假定 'void' 傳回類型
  ChoosingPage.cpp
C:\Users\user\Desktop\Runesblur\Runesblur\ChoosingPage.cpp(111,118): error C2065: 'allPokemons': 未宣告的識別項
C:\Users\user\Desktop\Runesblur\Runesblur\ChoosingPage.cpp(111,158): error C2065: 'allPokemons': 未宣告的識別項
  GameLibrary.cpp
  Human.cpp
  Maingamer.cpp
C:\Users\user\Desktop\Runesblur\Runesblur\Maingamer.cpp(37,22): warning C4244: '引數': 將 'double' 轉換為 'int'，由於類型不同，可能導致資料遺失
  MainPage.cpp
C:\Users\user\Desktop\Runesblur\Runesblur\MainPage.cpp(94,32): warning C4267: '-=': 將 'size_t' 轉換為 'SHORT'，資料可能遺失
  Map.cpp
  MapPage.cpp
  Monster.cpp
C:\Users\user\Desktop\Runesblur\Runesblur\Monster.cpp(157,26): warning C4244: 'return': 將 'double' 轉換為 'int'，由於類型不同，可能導致資料遺失
  Page.cpp
  Poker.cpp
C:\Users\user\Desktop\Runesblur\Runesblur\Poker.cpp(105,28): warning C4244: 'return': 將 'double' 轉換為 'int'，由於類型不同，可能導致資料遺失
C:\Users\user\Desktop\Runesblur\Runesblur\Poker.cpp(144,25): warning C4244: 'return': 將 'double' 轉換為 'int'，由於類型不同，可能導致資料遺失
  Runesblur.cpp
C:\Users\user\Desktop\Runesblur\Runesblur\Runesblur.cpp(63,12): warning C4244: '引數': 將 'time_t' 轉換為 'unsigned int'，由於類型不同，可能導致資料遺失
C:\Users\user\Desktop\Runesblur\Runesblur\Runesblur.cpp(177,28): warning C4244: '=': 將 'double' 轉換為 'int'，由於類型不同，可能導致資料遺失
C:\Users\user\Desktop\Runesblur\Runesblur\Runesblur.cpp(178,28): warning C4244: '=': 將 'double' 轉換為 'int'，由於類型不同，可能導致資料遺失
C:\Users\user\Desktop\Runesblur\Runesblur\Runesblur.cpp(179,28): warning C4244: '=': 將 'double' 轉換為 'int'，由於類型不同，可能導致資料遺失
C:\Users\user\Desktop\Runesblur\Runesblur\Runesblur.cpp(180,28): warning C4244: '=': 將 'double' 轉換為 'int'，由於類型不同，可能導致資料遺失
C:\Users\user\Desktop\Runesblur\Runesblur\Runesblur.cpp(181,28): warning C4244: '=': 將 'double' 轉換為 'int'，由於類型不同，可能導致資料遺失
C:\Users\user\Desktop\Runesblur\Runesblur\Runesblur.cpp(182,28): warning C4244: '=': 將 'double' 轉換為 'int'，由於類型不同，可能導致資料遺失
C:\Users\user\Desktop\Runesblur\Runesblur\Runesblur.cpp(183,29): warning C4244: '=': 將 'double' 轉換為 'int'，由於類型不同，可能導致資料遺失
C:\Users\user\Desktop\Runesblur\Runesblur\Runesblur.cpp(184,29): warning C4244: '=': 將 'double' 轉換為 'int'，由於類型不同，可能導致資料遺失
C:\Users\user\Desktop\Runesblur\Runesblur\Runesblur.cpp(185,29): warning C4244: '=': 將 'double' 轉換為 'int'，由於類型不同，可能導致資料遺失
C:\Users\user\Desktop\Runesblur\Runesblur\Runesblur.cpp(186,29): warning C4244: '=': 將 'double' 轉換為 'int'，由於類型不同，可能導致資料遺失
  正在產生程式碼...
C:\Users\user\Desktop\Runesblur\Runesblur\Poker.cpp(102): warning C4715: 'Poker::calculateDamage': 不是所有控制路徑都傳回值
C:\Users\user\Desktop\Runesblur\Runesblur\Monster.cpp(139): warning C4715: 'Monster::calculateDamage': 不是所有控制路徑都傳回值
C:\Users\user\Desktop\Runesblur\Runesblur\BattlePage.cpp(58): warning C4715: 'BattlePage::getElementString': 不是所有控制路徑都傳回值
C:\Users\user\Desktop\Runesblur\Runesblur\BattlePage.cpp(283): warning C4715: 'BattlePage::print': 不是所有控制路徑都傳回值
